TN:
SF:src/SapienRewards.sol
FNL:0,132
FNA:0,4,SapienRewards.setRewardToken
FNL:1,147
FNA:1,7,SapienRewards.pause
FNL:2,155
FNA:2,3,SapienRewards.unpause
FNL:3,163
FNA:3,549,SapienRewards.depositRewards
FNL:4,176
FNA:4,263,SapienRewards.withdrawRewards
FNL:5,190
FNA:5,3,SapienRewards.recoverUnaccountedTokens
FNL:6,204
FNA:6,4,SapienRewards.reconcileBalance
FNL:7,220
FNA:7,330,SapienRewards.claimReward
FNL:8,243
FNA:8,279,SapienRewards.getOrderRedeemedStatus
FNL:9,251
FNA:9,534,SapienRewards.getAvailableRewards
FNL:10,260
FNA:10,5,SapienRewards.getRewardTokenBalances
FNL:11,273
FNA:11,328,SapienRewards.getDomainSeparator
FNL:12,287
FNA:12,5,SapienRewards.validateAndGetHashToSign
FNL:13,305
FNA:13,5,SapienRewards.validateRewardParameters
FNL:14,330
FNA:14,328,SapienRewards._verifyOrder
FNL:15,353
FNA:15,716,SapienRewards._domainSeparator
FNL:16,374
FNA:16,331,SapienRewards._getStructHash
FNL:17,390
FNA:17,331,SapienRewards._getHashToSign
FNL:18,404
FNA:18,321,SapienRewards._markOrderAsRedeemed
FNL:19,412
FNA:19,3,SapienRewards._reconcileBalance
FNL:20,49
FNA:20,58,SapienRewards.constructor
FNL:21,58
FNA:21,4,SapienRewards.onlyAdmin
FNL:22,64
FNA:22,3,SapienRewards.onlyPauser
FNL:23,70
FNA:23,4,SapienRewards.onlyRewardSafe
FNL:24,76
FNA:24,4,SapienRewards.onlyRewardManager
FNL:25,86
FNA:25,2,SapienRewards.version
FNL:26,96
FNA:26,62,SapienRewards.initialize
FNF:27
FNH:27
DA:49,58
DA:50,58
DA:58,4
DA:59,4
DA:64,3
DA:65,3
DA:70,4
DA:71,4
DA:76,4
DA:77,4
DA:86,2
DA:87,60
DA:96,62
DA:100,61
DA:101,60
DA:102,59
DA:103,58
DA:105,57
DA:106,57
DA:107,57
DA:109,57
DA:110,57
DA:111,57
DA:112,57
DA:113,57
DA:116,57
DA:119,57
DA:121,57
DA:132,4
DA:133,3
DA:134,1
DA:136,2
DA:138,2
DA:140,2
DA:147,7
DA:148,6
DA:155,3
DA:156,2
DA:163,549
DA:164,548
DA:166,547
DA:167,547
DA:169,547
DA:176,263
DA:177,263
DA:178,262
DA:180,261
DA:181,261
DA:183,261
DA:190,3
DA:191,2
DA:192,2
DA:194,2
DA:196,1
DA:197,1
DA:204,4
DA:205,3
DA:220,330
DA:226,328
DA:228,321
DA:230,321
DA:231,321
DA:233,321
DA:234,321
DA:243,279
DA:244,279
DA:251,534
DA:252,534
DA:260,5
DA:261,5
DA:273,328
DA:274,659
DA:287,5
DA:294,3
DA:296,3
DA:305,5
DA:306,332
DA:307,331
DA:308,330
DA:309,2
DA:310,327
DA:311,326
DA:312,1
DA:330,328
DA:334,328
DA:335,328
DA:337,328
DA:338,3
DA:341,325
DA:342,1
DA:345,324
DA:353,716
DA:354,716
DA:355,658
DA:358,58
DA:374,331
DA:379,331
DA:390,331
DA:395,331
DA:396,331
DA:404,321
DA:405,321
DA:412,3
DA:413,3
DA:415,3
DA:416,2
DA:417,2
DA:419,2
LF:108
LH:108
end_of_record
TN:
SF:src/SapienToken.sol
FNL:0,14
FNA:0,21,SapienToken.constructor
FNL:1,21
FNA:1,2,SapienToken.maxSupply
FNF:2
FNH:2
DA:14,21
DA:15,21
DA:17,20
DA:21,2
DA:22,2
LF:5
LH:5
end_of_record
TN:
SF:src/SapienVault.sol
FNL:0,102
FNA:0,3,SapienVault.unpause
FNL:1,110
FNA:1,3,SapienVault.setRewardSafe
FNL:2,126
FNA:2,12,SapienVault.emergencyWithdraw
FNL:3,150
FNA:3,123,SapienVault.stake
FNL:4,184
FNA:4,121,SapienVault._validateStakeInputs
FNL:5,205
FNA:5,118,SapienVault._preValidateStakeOperation
FNL:6,226
FNA:6,26,SapienVault._validateWeightedCalculations
FNL:7,256
FNA:7,92,SapienVault._processFirstTimeStake
FNL:8,276
FNA:8,24,SapienVault._processCombineStake
FNL:9,299
FNA:9,24,SapienVault._calculateWeightedValues
FNL:10,337
FNA:10,16,SapienVault.increaseAmount
FNL:11,390
FNA:11,15,SapienVault.increaseLockup
FNL:12,432
FNA:12,21,SapienVault.initiateUnstake
FNL:13,467
FNA:13,10,SapienVault.unstake
FNL:14,506
FNA:14,7,SapienVault.instantUnstake
FNL:15,53
FNA:15,96,SapienVault.initialize
FNL:16,556
FNA:16,223,SapienVault._isUnlocked
FNL:17,561
FNA:17,108,SapienVault._isReadyForUnstake
FNL:18,572
FNA:18,241,SapienVault._getMultiplierForPeriod
FNL:19,592
FNA:19,139,SapienVault._calculateLinearWeightedMultiplier
FNL:20,613
FNA:20,160,SapienVault._calculateIndividualMultiplier
FNL:21,637
FNA:21,160,SapienVault._calculateAmountFactor
FNL:22,669
FNA:22,204,SapienVault._approximateLog10
FNL:23,683
FNA:23,166,SapienVault._calculateGlobalCoefficient
FNL:24,697
FNA:24,166,SapienVault._calculateSigmoidCoefficient
FNL:25,721
FNA:25,16,SapienVault._validateIncreaseAmount
FNL:26,74
FNA:26,12,SapienVault.onlyAdmin
FNL:27,740
FNA:27,11,SapienVault._calculateWeightedStartTime
FNL:28,772
FNA:28,3,SapienVault._resetUserStake
FNL:29,787
FNA:29,0,SapienVault.getTotalStaked
FNL:30,791
FNA:30,6,SapienVault.getTotalUnlocked
FNL:31,799
FNA:31,3,SapienVault.getTotalLocked
FNL:32,805
FNA:32,5,SapienVault.getTotalReadyForUnstake
FNL:33,81
FNA:33,3,SapienVault.onlyPauser
FNL:34,811
FNA:34,10,SapienVault.getTotalInCooldown
FNL:35,816
FNA:35,93,SapienVault.getUserStakingSummary
FNL:36,851
FNA:36,4,SapienVault.getMultiplierForPeriod
FNL:37,860
FNA:37,17,SapienVault.hasActiveStake
FNL:38,873
FNA:38,21,SapienVault.getMultiplierBreakdown
FNL:39,891
FNA:39,6,SapienVault.getGlobalStakingStats
FNL:40,922
FNA:40,2,SapienVault.getStakeDetails
FNL:41,95
FNA:41,15,SapienVault.pause
FNL:42,957
FNA:42,1,SapienVault.getUserActiveStakes
FNF:43
FNH:42
DA:53,96
DA:54,96
DA:55,96
DA:56,96
DA:58,96
DA:59,96
DA:60,96
DA:62,96
DA:63,96
DA:64,96
DA:66,96
DA:67,96
DA:74,12
DA:75,12
DA:76,1
DA:81,3
DA:82,3
DA:83,1
DA:95,15
DA:96,13
DA:102,3
DA:103,2
DA:110,3
DA:111,2
DA:112,1
DA:115,1
DA:116,1
DA:126,12
DA:127,10
DA:129,9
DA:131,4
DA:132,4
DA:135,5
DA:138,8
DA:150,123
DA:152,121
DA:153,0
DA:157,121
DA:159,118
DA:160,118
DA:163,118
DA:166,116
DA:169,116
DA:170,92
DA:172,24
DA:175,116
DA:176,116
DA:184,121
DA:185,121
DA:186,1
DA:190,120
DA:191,1
DA:194,119
DA:195,1
DA:205,118
DA:210,118
DA:211,0
DA:215,26
DA:216,26
DA:226,26
DA:230,26
DA:231,26
DA:232,0
DA:236,26
DA:237,26
DA:238,26
DA:239,2
DA:243,24
DA:244,24
DA:245,24
DA:246,0
DA:256,92
DA:262,92
DA:263,92
DA:264,92
DA:265,92
DA:266,92
DA:267,92
DA:276,24
DA:277,24
DA:280,24
DA:283,24
DA:284,24
DA:285,24
DA:286,24
DA:288,24
DA:299,24
DA:306,24
DA:307,24
DA:308,24
DA:311,24
DA:312,24
DA:313,0
DA:317,24
DA:318,24
DA:319,24
DA:322,24
DA:323,24
DA:324,1
DA:328,24
DA:329,0
DA:337,16
DA:339,16
DA:341,15
DA:343,15
DA:344,1
DA:347,14
DA:348,2
DA:352,12
DA:353,12
DA:354,0
DA:358,12
DA:359,12
DA:360,12
DA:361,1
DA:365,11
DA:368,11
DA:373,11
DA:374,11
DA:375,11
DA:378,11
DA:381,11
DA:383,11
DA:390,15
DA:391,15
DA:392,1
DA:395,14
DA:396,14
DA:397,1
DA:399,13
DA:400,1
DA:404,12
DA:405,12
DA:410,12
DA:413,12
DA:414,2
DA:417,12
DA:418,12
DA:422,12
DA:423,12
DA:425,12
DA:432,21
DA:433,21
DA:435,21
DA:437,21
DA:438,0
DA:441,21
DA:442,1
DA:445,20
DA:446,1
DA:450,19
DA:451,16
DA:454,19
DA:455,19
DA:456,0
DA:459,19
DA:460,19
DA:467,10
DA:468,10
DA:470,10
DA:472,10
DA:473,0
DA:476,10
DA:477,1
DA:480,9
DA:481,0
DA:484,9
DA:485,9
DA:486,9
DA:489,9
DA:490,8
DA:494,9
DA:495,2
DA:498,9
DA:499,9
DA:506,7
DA:507,7
DA:509,7
DA:511,7
DA:512,0
DA:515,7
DA:516,0
DA:520,7
DA:521,2
DA:525,5
DA:526,0
DA:529,5
DA:530,5
DA:531,0
DA:534,5
DA:536,5
DA:537,5
DA:540,5
DA:541,1
DA:544,5
DA:545,5
DA:546,5
DA:549,5
DA:556,223
DA:557,223
DA:558,223
DA:561,108
DA:562,108
DA:563,17
DA:564,12
DA:572,241
DA:573,241
DA:574,111
DA:575,130
DA:576,21
DA:577,109
DA:578,19
DA:579,90
DA:580,89
DA:582,1
DA:592,139
DA:598,139
DA:601,139
DA:604,139
DA:613,160
DA:614,160
DA:617,160
DA:618,160
DA:621,160
DA:624,160
DA:627,160
DA:629,160
DA:637,160
DA:638,160
DA:639,36
DA:642,124
DA:643,124
DA:646,124
DA:647,22
DA:654,102
DA:657,102
DA:658,102
DA:661,102
DA:669,204
DA:670,204
DA:671,204
DA:672,167
DA:673,116
DA:674,107
DA:675,102
DA:676,0
DA:683,166
DA:684,166
DA:687,166
DA:689,166
DA:697,166
DA:698,166
DA:701,166
DA:702,0
DA:705,0
DA:709,0
DA:710,0
DA:711,0
DA:713,0
DA:721,16
DA:722,16
DA:723,0
DA:727,16
DA:728,1
DA:740,11
DA:747,11
DA:748,0
DA:751,11
DA:752,11
DA:755,11
DA:756,0
DA:759,11
DA:762,11
DA:763,11
DA:764,0
DA:772,3
DA:773,3
DA:774,3
DA:775,3
DA:776,3
DA:777,3
DA:778,3
DA:779,3
DA:780,3
DA:787,0
DA:788,0
DA:791,6
DA:792,99
DA:793,99
DA:794,17
DA:799,3
DA:800,96
DA:801,96
DA:802,83
DA:805,5
DA:806,98
DA:807,98
DA:808,3
DA:811,10
DA:812,103
DA:813,103
DA:816,93
DA:830,93
DA:832,93
DA:833,93
DA:834,93
DA:835,93
DA:836,93
DA:837,93
DA:838,93
DA:840,93
DA:841,93
DA:842,93
DA:851,4
DA:852,4
DA:860,17
DA:861,17
DA:873,21
DA:878,21
DA:879,21
DA:880,21
DA:881,21
DA:891,6
DA:901,6
DA:902,6
DA:903,6
DA:904,6
DA:922,2
DA:934,2
DA:935,1
DA:938,1
DA:939,1
DA:957,1
DA:967,1
DA:969,1
DA:971,0
DA:972,0
DA:973,0
DA:974,0
DA:977,1
DA:978,1
DA:979,1
DA:980,1
DA:982,1
DA:983,1
DA:984,1
DA:985,1
LF:347
LH:315
end_of_record
TN:
SF:src/utils/SafeCast.sol
FNL:0,16
FNA:0,169,SafeCast.toUint128
FNL:1,27
FNA:1,422,SafeCast.toUint64
FNL:2,38
FNA:2,139,SafeCast.toUint32
FNL:3,49
FNA:3,0,SafeCast.toUint16
FNL:4,60
FNA:4,0,SafeCast.toUint8
FNF:5
FNH:3
DA:16,169
DA:17,169
DA:18,169
DA:27,422
DA:28,422
DA:29,422
DA:38,139
DA:39,139
DA:40,139
DA:49,0
DA:50,0
DA:51,0
DA:60,0
DA:61,0
DA:62,0
LF:15
LH:9
end_of_record
