TN:
SF:src/SapienRewards.sol
FNL:0,132
FNA:0,4,SapienRewards.setRewardToken
FNL:1,147
FNA:1,7,SapienRewards.pause
FNL:2,155
FNA:2,3,SapienRewards.unpause
FNL:3,163
FNA:3,549,SapienRewards.depositRewards
FNL:4,176
FNA:4,263,SapienRewards.withdrawRewards
FNL:5,190
FNA:5,3,SapienRewards.recoverUnaccountedTokens
FNL:6,204
FNA:6,4,SapienRewards.reconcileBalance
FNL:7,220
FNA:7,330,SapienRewards.claimReward
FNL:8,243
FNA:8,279,SapienRewards.getOrderRedeemedStatus
FNL:9,251
FNA:9,534,SapienRewards.getAvailableRewards
FNL:10,260
FNA:10,5,SapienRewards.getRewardTokenBalances
FNL:11,273
FNA:11,328,SapienRewards.getDomainSeparator
FNL:12,287
FNA:12,5,SapienRewards.validateAndGetHashToSign
FNL:13,305
FNA:13,5,SapienRewards.validateRewardParameters
FNL:14,330
FNA:14,328,SapienRewards._verifyOrder
FNL:15,353
FNA:15,716,SapienRewards._domainSeparator
FNL:16,374
FNA:16,331,SapienRewards._getStructHash
FNL:17,390
FNA:17,331,SapienRewards._getHashToSign
FNL:18,404
FNA:18,321,SapienRewards._markOrderAsRedeemed
FNL:19,412
FNA:19,3,SapienRewards._reconcileBalance
FNL:20,49
FNA:20,58,SapienRewards.constructor
FNL:21,58
FNA:21,4,SapienRewards.onlyAdmin
FNL:22,64
FNA:22,3,SapienRewards.onlyPauser
FNL:23,70
FNA:23,4,SapienRewards.onlyRewardSafe
FNL:24,76
FNA:24,4,SapienRewards.onlyRewardManager
FNL:25,86
FNA:25,2,SapienRewards.version
FNL:26,96
FNA:26,62,SapienRewards.initialize
FNF:27
FNH:27
DA:49,58
DA:50,58
DA:58,4
DA:59,4
DA:64,3
DA:65,3
DA:70,4
DA:71,4
DA:76,4
DA:77,4
DA:86,2
DA:87,60
DA:96,62
DA:100,61
DA:101,60
DA:102,59
DA:103,58
DA:105,57
DA:106,57
DA:107,57
DA:109,57
DA:110,57
DA:111,57
DA:112,57
DA:113,57
DA:116,57
DA:119,57
DA:121,57
DA:132,4
DA:133,3
DA:134,1
DA:136,2
DA:138,2
DA:140,2
DA:147,7
DA:148,6
DA:155,3
DA:156,2
DA:163,549
DA:164,548
DA:166,547
DA:167,547
DA:169,547
DA:176,263
DA:177,263
DA:178,262
DA:180,261
DA:181,261
DA:183,261
DA:190,3
DA:191,2
DA:192,2
DA:194,2
DA:196,1
DA:197,1
DA:204,4
DA:205,3
DA:220,330
DA:226,328
DA:228,321
DA:230,321
DA:231,321
DA:233,321
DA:234,321
DA:243,279
DA:244,279
DA:251,534
DA:252,534
DA:260,5
DA:261,5
DA:273,328
DA:274,659
DA:287,5
DA:294,3
DA:296,3
DA:305,5
DA:306,332
DA:307,331
DA:308,330
DA:309,2
DA:310,327
DA:311,326
DA:312,1
DA:330,328
DA:334,328
DA:335,328
DA:337,328
DA:338,3
DA:341,325
DA:342,1
DA:345,324
DA:353,716
DA:354,716
DA:355,658
DA:358,58
DA:374,331
DA:379,331
DA:390,331
DA:395,331
DA:396,331
DA:404,321
DA:405,321
DA:412,3
DA:413,3
DA:415,3
DA:416,2
DA:417,2
DA:419,2
LF:108
LH:108
end_of_record
TN:
SF:src/SapienToken.sol
FNL:0,14
FNA:0,21,SapienToken.constructor
FNL:1,21
FNA:1,2,SapienToken.maxSupply
FNF:2
FNH:2
DA:14,21
DA:15,21
DA:17,20
DA:21,2
DA:22,2
LF:5
LH:5
end_of_record
TN:
SF:src/SapienVault.sol
FNL:0,104
FNA:0,3,SapienVault.unpause
FNL:1,112
FNA:1,3,SapienVault.setRewardSafe
FNL:2,128
FNA:2,12,SapienVault.emergencyWithdraw
FNL:3,152
FNA:3,102,SapienVault.stake
FNL:4,186
FNA:4,100,SapienVault._validateStakeInputs
FNL:5,207
FNA:5,97,SapienVault._preValidateStakeOperation
FNL:6,229
FNA:6,23,SapienVault._validateWeightedCalculations
FNL:7,261
FNA:7,74,SapienVault._processFirstTimeStake
FNL:8,281
FNA:8,21,SapienVault._processCombineStake
FNL:9,312
FNA:9,21,SapienVault._calculateWeightedValues
FNL:10,350
FNA:10,15,SapienVault.increaseAmount
FNL:11,403
FNA:11,17,SapienVault.increaseLockup
FNL:12,444
FNA:12,21,SapienVault.initiateUnstake
FNL:13,479
FNA:13,10,SapienVault.unstake
FNL:14,518
FNA:14,7,SapienVault.instantUnstake
FNL:15,55
FNA:15,85,SapienVault.initialize
FNL:16,568
FNA:16,189,SapienVault._isUnlocked
FNL:17,573
FNA:17,91,SapienVault._isReadyForUnstake
FNL:18,584
FNA:18,35,SapienVault._calculateEffectiveMultiplier
FNL:19,619
FNA:19,199,SapienVault._getMultiplierForPeriod
FNL:20,637
FNA:20,15,SapienVault._validateIncreaseAmount
FNL:21,656
FNA:21,10,SapienVault._calculateWeightedStartTime
FNL:22,688
FNA:22,3,SapienVault._resetUserStake
FNL:23,703
FNA:23,0,SapienVault.getTotalStaked
FNL:24,707
FNA:24,6,SapienVault.getTotalUnlocked
FNL:25,715
FNA:25,3,SapienVault.getTotalLocked
FNL:26,721
FNA:26,5,SapienVault.getTotalReadyForUnstake
FNL:27,727
FNA:27,10,SapienVault.getTotalInCooldown
FNL:28,732
FNA:28,76,SapienVault.getUserStakingSummary
FNL:29,76
FNA:29,12,SapienVault.onlyAdmin
FNL:30,767
FNA:30,4,SapienVault.getMultiplierForPeriod
FNL:31,776
FNA:31,16,SapienVault.hasActiveStake
FNL:32,795
FNA:32,2,SapienVault.getStakeDetails
FNL:33,83
FNA:33,3,SapienVault.onlyPauser
FNL:34,830
FNA:34,1,SapienVault.getUserActiveStakes
FNL:35,97
FNA:35,15,SapienVault.pause
FNF:36
FNH:35
DA:55,85
DA:56,85
DA:57,85
DA:58,85
DA:60,85
DA:61,85
DA:62,85
DA:64,85
DA:65,85
DA:66,85
DA:68,85
DA:69,85
DA:76,12
DA:77,12
DA:78,1
DA:83,3
DA:84,3
DA:85,1
DA:97,15
DA:98,13
DA:104,3
DA:105,2
DA:112,3
DA:113,2
DA:114,1
DA:117,1
DA:118,1
DA:128,12
DA:129,10
DA:131,9
DA:133,4
DA:134,4
DA:137,5
DA:140,8
DA:152,102
DA:154,100
DA:155,0
DA:159,100
DA:161,97
DA:162,97
DA:165,97
DA:168,95
DA:171,95
DA:172,74
DA:174,21
DA:177,95
DA:178,95
DA:186,100
DA:187,100
DA:188,1
DA:192,99
DA:193,1
DA:196,98
DA:197,1
DA:207,97
DA:213,97
DA:214,0
DA:218,23
DA:219,23
DA:229,23
DA:234,23
DA:235,23
DA:236,0
DA:240,23
DA:241,23
DA:242,23
DA:243,2
DA:247,21
DA:248,21
DA:249,21
DA:250,0
DA:261,74
DA:267,74
DA:268,74
DA:269,74
DA:270,74
DA:271,74
DA:272,74
DA:281,21
DA:286,21
DA:289,21
DA:297,21
DA:298,21
DA:299,21
DA:300,21
DA:301,21
DA:312,21
DA:319,21
DA:320,21
DA:321,21
DA:324,21
DA:325,21
DA:326,0
DA:330,21
DA:331,21
DA:332,21
DA:335,21
DA:336,21
DA:337,1
DA:341,21
DA:342,0
DA:350,15
DA:352,15
DA:354,14
DA:356,14
DA:357,1
DA:360,13
DA:361,2
DA:365,11
DA:366,11
DA:367,0
DA:371,11
DA:372,11
DA:373,11
DA:374,1
DA:378,10
DA:381,10
DA:389,10
DA:390,10
DA:391,10
DA:394,10
DA:396,10
DA:403,17
DA:404,17
DA:405,1
DA:408,16
DA:409,16
DA:410,1
DA:412,15
DA:413,1
DA:417,14
DA:418,14
DA:423,14
DA:426,14
DA:427,2
DA:430,14
DA:431,14
DA:434,14
DA:435,14
DA:437,14
DA:444,21
DA:445,21
DA:447,21
DA:449,21
DA:450,0
DA:453,21
DA:454,1
DA:457,20
DA:458,1
DA:462,19
DA:463,16
DA:466,19
DA:467,19
DA:468,0
DA:471,19
DA:472,19
DA:479,10
DA:480,10
DA:482,10
DA:484,10
DA:485,0
DA:488,10
DA:489,1
DA:492,9
DA:493,0
DA:496,9
DA:497,9
DA:498,9
DA:501,9
DA:502,8
DA:506,9
DA:507,2
DA:510,9
DA:511,9
DA:518,7
DA:519,7
DA:521,7
DA:523,7
DA:524,0
DA:527,7
DA:528,0
DA:532,7
DA:533,2
DA:537,5
DA:538,0
DA:541,5
DA:542,5
DA:543,0
DA:546,5
DA:548,5
DA:549,5
DA:552,5
DA:553,1
DA:556,5
DA:557,5
DA:558,5
DA:561,5
DA:568,189
DA:569,189
DA:570,189
DA:573,91
DA:574,91
DA:575,17
DA:576,12
DA:584,35
DA:585,35
DA:586,6
DA:587,29
DA:589,15
DA:590,15
DA:592,15
DA:593,15
DA:594,14
DA:596,5
DA:597,5
DA:599,5
DA:600,5
DA:601,9
DA:603,9
DA:604,9
DA:606,9
DA:607,9
DA:610,0
DA:619,199
DA:620,199
DA:621,109
DA:622,90
DA:623,17
DA:624,73
DA:625,17
DA:626,56
DA:627,55
DA:629,1
DA:637,15
DA:638,15
DA:639,0
DA:643,15
DA:644,1
DA:656,10
DA:663,10
DA:664,0
DA:667,10
DA:668,10
DA:671,10
DA:672,0
DA:675,10
DA:678,10
DA:679,10
DA:680,0
DA:688,3
DA:689,3
DA:690,3
DA:691,3
DA:692,3
DA:693,3
DA:694,3
DA:695,3
DA:696,3
DA:703,0
DA:704,0
DA:707,6
DA:708,82
DA:709,82
DA:710,17
DA:715,3
DA:716,79
DA:717,79
DA:718,66
DA:721,5
DA:722,81
DA:723,81
DA:724,3
DA:727,10
DA:728,86
DA:729,86
DA:732,76
DA:746,76
DA:748,76
DA:749,76
DA:750,76
DA:751,76
DA:752,76
DA:753,76
DA:754,76
DA:756,76
DA:757,76
DA:758,76
DA:767,4
DA:768,4
DA:776,16
DA:777,16
DA:795,2
DA:807,2
DA:808,1
DA:811,1
DA:812,1
DA:830,1
DA:840,1
DA:842,1
DA:844,0
DA:845,0
DA:846,0
DA:847,0
DA:850,1
DA:851,1
DA:852,1
DA:853,1
DA:855,1
DA:856,1
DA:857,1
DA:858,1
LF:311
LH:285
end_of_record
TN:
SF:src/utils/SafeCast.sol
FNL:0,16
FNA:0,147,SafeCast.toUint128
FNL:1,27
FNA:1,363,SafeCast.toUint64
FNL:2,38
FNA:2,109,SafeCast.toUint32
FNL:3,49
FNA:3,0,SafeCast.toUint16
FNL:4,60
FNA:4,0,SafeCast.toUint8
FNF:5
FNH:3
DA:16,147
DA:17,147
DA:18,147
DA:27,363
DA:28,363
DA:29,363
DA:38,109
DA:39,109
DA:40,109
DA:49,0
DA:50,0
DA:51,0
DA:60,0
DA:61,0
DA:62,0
LF:15
LH:9
end_of_record
